2017-12-06 19:29:00 [Test worker] INFO  c.d.a.c.AccountsControllerTest - Starting AccountsControllerTest on Kavan-PC with PID 4724 (started by Kavan in C:\Users\Kavan\CodeChallenge\Java Challenge)
2017-12-06 19:29:00 [Test worker] DEBUG c.d.a.c.AccountsControllerTest - Running with Spring Boot v1.5.4.RELEASE, Spring v4.3.9.RELEASE
2017-12-06 19:29:00 [Test worker] INFO  c.d.a.c.AccountsControllerTest - No active profile set, falling back to default profiles: default
2017-12-06 19:29:05 [Test worker] INFO  c.d.a.c.AccountsControllerTest - Started AccountsControllerTest in 5.711 seconds (JVM running for 10.113)
2017-12-06 19:29:06 [Test worker] INFO  o.s.b.t.m.w.SpringBootMockServletContext - Initializing Spring FrameworkServlet ''
2017-12-06 19:29:06 [Test worker] INFO  o.s.t.w.s.TestDispatcherServlet - FrameworkServlet '': initialization started
2017-12-06 19:29:06 [Test worker] INFO  o.s.t.w.s.TestDispatcherServlet - FrameworkServlet '': initialization completed in 33 ms
2017-12-06 19:29:06 [Test worker] INFO  c.d.a.c.web.AccountsController - Creating account Account(accountId=Id-123, balance=1000, lock=java.util.concurrent.locks.ReentrantLock@1e856ef[Unlocked])
2017-12-06 19:29:06 [Test worker] INFO  c.d.a.c.web.AccountsController - Creating account Account(accountId=Id-123, balance=1000, lock=java.util.concurrent.locks.ReentrantLock@909012[Unlocked])
2017-12-06 19:29:06 [Test worker] INFO  o.s.b.t.m.w.SpringBootMockServletContext - Initializing Spring FrameworkServlet ''
2017-12-06 19:29:06 [Test worker] INFO  o.s.t.w.s.TestDispatcherServlet - FrameworkServlet '': initialization started
2017-12-06 19:29:06 [Test worker] INFO  o.s.t.w.s.TestDispatcherServlet - FrameworkServlet '': initialization completed in 2 ms
2017-12-06 19:29:06 [Test worker] INFO  c.d.a.c.web.AccountsController - Retrieving account for id Id-1512568746886
2017-12-06 19:29:07 [Test worker] INFO  o.s.b.t.m.w.SpringBootMockServletContext - Initializing Spring FrameworkServlet ''
2017-12-06 19:29:07 [Test worker] INFO  o.s.t.w.s.TestDispatcherServlet - FrameworkServlet '': initialization started
2017-12-06 19:29:07 [Test worker] INFO  o.s.t.w.s.TestDispatcherServlet - FrameworkServlet '': initialization completed in 2 ms
2017-12-06 19:29:07 [Test worker] INFO  o.s.b.t.m.w.SpringBootMockServletContext - Initializing Spring FrameworkServlet ''
2017-12-06 19:29:07 [Test worker] INFO  o.s.t.w.s.TestDispatcherServlet - FrameworkServlet '': initialization started
2017-12-06 19:29:07 [Test worker] INFO  o.s.t.w.s.TestDispatcherServlet - FrameworkServlet '': initialization completed in 2 ms
2017-12-06 19:29:07 [Test worker] INFO  o.s.b.t.m.w.SpringBootMockServletContext - Initializing Spring FrameworkServlet ''
2017-12-06 19:29:07 [Test worker] INFO  o.s.t.w.s.TestDispatcherServlet - FrameworkServlet '': initialization started
2017-12-06 19:29:07 [Test worker] INFO  o.s.t.w.s.TestDispatcherServlet - FrameworkServlet '': initialization completed in 2 ms
2017-12-06 19:29:07 [Test worker] INFO  o.s.b.t.m.w.SpringBootMockServletContext - Initializing Spring FrameworkServlet ''
2017-12-06 19:29:07 [Test worker] INFO  o.s.t.w.s.TestDispatcherServlet - FrameworkServlet '': initialization started
2017-12-06 19:29:07 [Test worker] INFO  o.s.t.w.s.TestDispatcherServlet - FrameworkServlet '': initialization completed in 2 ms
2017-12-06 19:29:07 [Test worker] INFO  c.d.a.c.web.AccountsController - Creating account Account(accountId=Id-123, balance=1000, lock=java.util.concurrent.locks.ReentrantLock@cfb4a[Unlocked])
2017-12-06 19:29:07 [Test worker] INFO  o.s.b.t.m.w.SpringBootMockServletContext - Initializing Spring FrameworkServlet ''
2017-12-06 19:29:07 [Test worker] INFO  o.s.t.w.s.TestDispatcherServlet - FrameworkServlet '': initialization started
2017-12-06 19:29:07 [Test worker] INFO  o.s.t.w.s.TestDispatcherServlet - FrameworkServlet '': initialization completed in 2 ms
2017-12-06 19:29:07 [Test worker] INFO  o.s.b.t.m.w.SpringBootMockServletContext - Initializing Spring FrameworkServlet ''
2017-12-06 19:29:07 [Test worker] INFO  o.s.t.w.s.TestDispatcherServlet - FrameworkServlet '': initialization started
2017-12-06 19:29:07 [Test worker] INFO  o.s.t.w.s.TestDispatcherServlet - FrameworkServlet '': initialization completed in 1 ms
2017-12-06 19:29:07 [Test worker] INFO  o.s.b.t.c.SpringBootTestContextBootstrapper - Neither @ContextConfiguration nor @ContextHierarchy found for test class [com.db.awmd.challenge.AccountsServiceTest], using SpringBootContextLoader
2017-12-06 19:29:07 [Test worker] INFO  o.s.t.c.s.AbstractContextLoader - Could not detect default resource locations for test class [com.db.awmd.challenge.AccountsServiceTest]: no resource found for suffixes {-context.xml, Context.groovy}.
2017-12-06 19:29:07 [Test worker] INFO  o.s.t.c.s.AnnotationConfigContextLoaderUtils - Could not detect default configuration classes for test class [com.db.awmd.challenge.AccountsServiceTest]: AccountsServiceTest does not declare any static, non-private, non-final, nested classes annotated with @Configuration.
2017-12-06 19:29:07 [Test worker] INFO  o.s.b.t.c.SpringBootTestContextBootstrapper - Found @SpringBootConfiguration com.db.awmd.challenge.DevChallengeApplication for test class com.db.awmd.challenge.AccountsServiceTest
2017-12-06 19:29:07 [Test worker] INFO  o.s.b.t.c.SpringBootTestContextBootstrapper - Loaded default TestExecutionListener class names from location [META-INF/spring.factories]: [org.springframework.boot.test.mock.mockito.MockitoTestExecutionListener, org.springframework.boot.test.mock.mockito.ResetMocksTestExecutionListener, org.springframework.boot.test.autoconfigure.restdocs.RestDocsTestExecutionListener, org.springframework.boot.test.autoconfigure.web.client.MockRestServiceServerResetTestExecutionListener, org.springframework.boot.test.autoconfigure.web.servlet.MockMvcPrintOnlyOnFailureTestExecutionListener, org.springframework.boot.test.autoconfigure.web.servlet.WebDriverTestExecutionListener, org.springframework.test.context.web.ServletTestExecutionListener, org.springframework.test.context.support.DirtiesContextBeforeModesTestExecutionListener, org.springframework.test.context.support.DependencyInjectionTestExecutionListener, org.springframework.test.context.support.DirtiesContextTestExecutionListener, org.springframework.test.context.transaction.TransactionalTestExecutionListener, org.springframework.test.context.jdbc.SqlScriptsTestExecutionListener]
2017-12-06 19:29:07 [Test worker] INFO  o.s.b.t.c.SpringBootTestContextBootstrapper - Could not instantiate TestExecutionListener [org.springframework.test.context.transaction.TransactionalTestExecutionListener]. Specify custom listener classes or make the default listener classes (and their required dependencies) available. Offending class: [org/springframework/transaction/interceptor/TransactionAttributeSource]
2017-12-06 19:29:07 [Test worker] INFO  o.s.b.t.c.SpringBootTestContextBootstrapper - Could not instantiate TestExecutionListener [org.springframework.test.context.jdbc.SqlScriptsTestExecutionListener]. Specify custom listener classes or make the default listener classes (and their required dependencies) available. Offending class: [org/springframework/transaction/interceptor/TransactionAttribute]
2017-12-06 19:29:07 [Test worker] INFO  o.s.b.t.c.SpringBootTestContextBootstrapper - Using TestExecutionListeners: [org.springframework.test.context.web.ServletTestExecutionListener@1e6c7eb, org.springframework.test.context.support.DirtiesContextBeforeModesTestExecutionListener@15d07aa, org.springframework.boot.test.autoconfigure.SpringBootDependencyInjectionTestExecutionListener@b1b3a8, org.springframework.test.context.support.DirtiesContextTestExecutionListener@1f9e804, org.springframework.boot.test.autoconfigure.web.client.MockRestServiceServerResetTestExecutionListener@5dbf0f, org.springframework.boot.test.autoconfigure.web.servlet.MockMvcPrintOnlyOnFailureTestExecutionListener@1d29639, org.springframework.boot.test.mock.mockito.ResetMocksTestExecutionListener@994a58, org.springframework.boot.test.autoconfigure.restdocs.RestDocsTestExecutionListener@643447, org.springframework.boot.test.mock.mockito.MockitoTestExecutionListener@1da51c3, org.springframework.boot.test.autoconfigure.web.servlet.WebDriverTestExecutionListener@34689f]
2017-12-06 19:29:07 [Test worker] INFO  c.d.a.challenge.AccountsServiceTest - Starting AccountsServiceTest on Kavan-PC with PID 4724 (started by Kavan in C:\Users\Kavan\CodeChallenge\Java Challenge)
2017-12-06 19:29:07 [Test worker] DEBUG c.d.a.challenge.AccountsServiceTest - Running with Spring Boot v1.5.4.RELEASE, Spring v4.3.9.RELEASE
2017-12-06 19:29:07 [Test worker] INFO  c.d.a.challenge.AccountsServiceTest - No active profile set, falling back to default profiles: default
2017-12-06 19:29:09 [Test worker] INFO  c.d.a.challenge.AccountsServiceTest - Started AccountsServiceTest in 1.79 seconds (JVM running for 14.504)
2017-12-06 19:29:09 [Test worker] INFO  o.s.b.t.c.SpringBootTestContextBootstrapper - Neither @ContextConfiguration nor @ContextHierarchy found for test class [com.db.awmd.challenge.FundTransferControllerTest], using SpringBootContextLoader
2017-12-06 19:29:09 [Test worker] INFO  o.s.t.c.s.AbstractContextLoader - Could not detect default resource locations for test class [com.db.awmd.challenge.FundTransferControllerTest]: no resource found for suffixes {-context.xml, Context.groovy}.
2017-12-06 19:29:09 [Test worker] INFO  o.s.t.c.s.AnnotationConfigContextLoaderUtils - Could not detect default configuration classes for test class [com.db.awmd.challenge.FundTransferControllerTest]: FundTransferControllerTest does not declare any static, non-private, non-final, nested classes annotated with @Configuration.
2017-12-06 19:29:09 [Test worker] INFO  o.s.b.t.c.SpringBootTestContextBootstrapper - Found @SpringBootConfiguration com.db.awmd.challenge.DevChallengeApplication for test class com.db.awmd.challenge.FundTransferControllerTest
2017-12-06 19:29:09 [Test worker] INFO  o.s.b.t.c.SpringBootTestContextBootstrapper - Loaded default TestExecutionListener class names from location [META-INF/spring.factories]: [org.springframework.boot.test.mock.mockito.MockitoTestExecutionListener, org.springframework.boot.test.mock.mockito.ResetMocksTestExecutionListener, org.springframework.boot.test.autoconfigure.restdocs.RestDocsTestExecutionListener, org.springframework.boot.test.autoconfigure.web.client.MockRestServiceServerResetTestExecutionListener, org.springframework.boot.test.autoconfigure.web.servlet.MockMvcPrintOnlyOnFailureTestExecutionListener, org.springframework.boot.test.autoconfigure.web.servlet.WebDriverTestExecutionListener, org.springframework.test.context.web.ServletTestExecutionListener, org.springframework.test.context.support.DirtiesContextBeforeModesTestExecutionListener, org.springframework.test.context.support.DependencyInjectionTestExecutionListener, org.springframework.test.context.support.DirtiesContextTestExecutionListener, org.springframework.test.context.transaction.TransactionalTestExecutionListener, org.springframework.test.context.jdbc.SqlScriptsTestExecutionListener]
2017-12-06 19:29:09 [Test worker] INFO  o.s.b.t.c.SpringBootTestContextBootstrapper - Could not instantiate TestExecutionListener [org.springframework.test.context.transaction.TransactionalTestExecutionListener]. Specify custom listener classes or make the default listener classes (and their required dependencies) available. Offending class: [org/springframework/transaction/interceptor/TransactionAttributeSource]
2017-12-06 19:29:09 [Test worker] INFO  o.s.b.t.c.SpringBootTestContextBootstrapper - Could not instantiate TestExecutionListener [org.springframework.test.context.jdbc.SqlScriptsTestExecutionListener]. Specify custom listener classes or make the default listener classes (and their required dependencies) available. Offending class: [org/springframework/transaction/interceptor/TransactionAttribute]
2017-12-06 19:29:09 [Test worker] INFO  o.s.b.t.c.SpringBootTestContextBootstrapper - Using TestExecutionListeners: [org.springframework.test.context.web.ServletTestExecutionListener@e57a32, org.springframework.test.context.support.DirtiesContextBeforeModesTestExecutionListener@64a79b, org.springframework.boot.test.autoconfigure.SpringBootDependencyInjectionTestExecutionListener@15f7dd2, org.springframework.test.context.support.DirtiesContextTestExecutionListener@8572c7, org.springframework.boot.test.autoconfigure.web.client.MockRestServiceServerResetTestExecutionListener@1c0aacf, org.springframework.boot.test.autoconfigure.web.servlet.MockMvcPrintOnlyOnFailureTestExecutionListener@4f85d3, org.springframework.boot.test.mock.mockito.ResetMocksTestExecutionListener@72cbe5, org.springframework.boot.test.autoconfigure.restdocs.RestDocsTestExecutionListener@17c91e6, org.springframework.boot.test.mock.mockito.MockitoTestExecutionListener@1a8d5d4, org.springframework.boot.test.autoconfigure.web.servlet.WebDriverTestExecutionListener@125a16f]
2017-12-06 19:29:09 [Test worker] INFO  o.s.b.t.m.w.SpringBootMockServletContext - Initializing Spring FrameworkServlet ''
2017-12-06 19:29:09 [Test worker] INFO  o.s.t.w.s.TestDispatcherServlet - FrameworkServlet '': initialization started
2017-12-06 19:29:09 [Test worker] INFO  o.s.t.w.s.TestDispatcherServlet - FrameworkServlet '': initialization completed in 4 ms
2017-12-06 19:29:09 [Test worker] INFO  c.d.a.c.web.AccountsController - Creating account Account(accountId=Id-123, balance=1000, lock=java.util.concurrent.locks.ReentrantLock@15be4b5[Unlocked])
2017-12-06 19:29:09 [Test worker] INFO  c.d.a.c.web.AccountsController - Creating account Account(accountId=Id-456, balance=2000, lock=java.util.concurrent.locks.ReentrantLock@15180ad[Unlocked])
2017-12-06 19:29:09 [Test worker] INFO  c.d.a.c.web.FundTransferController - Initiating fund transfer..
2017-12-06 19:29:09 [Test worker] INFO  c.d.a.c.s.EmailNotificationService - Sending notification to owner of Id-123: Amount 500 transfered to Id-456
2017-12-06 19:29:09 [Test worker] INFO  c.d.a.c.s.EmailNotificationService - Sending notification to owner of Id-456: Amount 500 received from Id-123
2017-12-06 19:29:09 [Test worker] INFO  o.s.b.t.m.w.SpringBootMockServletContext - Initializing Spring FrameworkServlet ''
2017-12-06 19:29:09 [Test worker] INFO  o.s.t.w.s.TestDispatcherServlet - FrameworkServlet '': initialization started
2017-12-06 19:29:09 [Test worker] INFO  o.s.t.w.s.TestDispatcherServlet - FrameworkServlet '': initialization completed in 4 ms
2017-12-06 19:29:09 [Test worker] INFO  o.s.b.t.m.w.SpringBootMockServletContext - Initializing Spring FrameworkServlet ''
2017-12-06 19:29:09 [Test worker] INFO  o.s.t.w.s.TestDispatcherServlet - FrameworkServlet '': initialization started
2017-12-06 19:29:09 [Test worker] INFO  o.s.t.w.s.TestDispatcherServlet - FrameworkServlet '': initialization completed in 2 ms
2017-12-06 19:29:09 [Test worker] INFO  o.s.b.t.m.w.SpringBootMockServletContext - Initializing Spring FrameworkServlet ''
2017-12-06 19:29:09 [Test worker] INFO  o.s.t.w.s.TestDispatcherServlet - FrameworkServlet '': initialization started
2017-12-06 19:29:09 [Test worker] INFO  o.s.t.w.s.TestDispatcherServlet - FrameworkServlet '': initialization completed in 3 ms
2017-12-06 19:29:09 [Test worker] INFO  o.s.b.t.m.w.SpringBootMockServletContext - Initializing Spring FrameworkServlet ''
2017-12-06 19:29:09 [Test worker] INFO  o.s.t.w.s.TestDispatcherServlet - FrameworkServlet '': initialization started
2017-12-06 19:29:09 [Test worker] INFO  o.s.t.w.s.TestDispatcherServlet - FrameworkServlet '': initialization completed in 2 ms
2017-12-06 19:29:09 [Test worker] INFO  o.s.b.t.c.SpringBootTestContextBootstrapper - Neither @ContextConfiguration nor @ContextHierarchy found for test class [com.db.awmd.challenge.FundTransferServiceTest], using SpringBootContextLoader
2017-12-06 19:29:09 [Test worker] INFO  o.s.t.c.s.AbstractContextLoader - Could not detect default resource locations for test class [com.db.awmd.challenge.FundTransferServiceTest]: no resource found for suffixes {-context.xml, Context.groovy}.
2017-12-06 19:29:09 [Test worker] INFO  o.s.t.c.s.AnnotationConfigContextLoaderUtils - Could not detect default configuration classes for test class [com.db.awmd.challenge.FundTransferServiceTest]: FundTransferServiceTest does not declare any static, non-private, non-final, nested classes annotated with @Configuration.
2017-12-06 19:29:09 [Test worker] INFO  o.s.b.t.c.SpringBootTestContextBootstrapper - Found @SpringBootConfiguration com.db.awmd.challenge.DevChallengeApplication for test class com.db.awmd.challenge.FundTransferServiceTest
2017-12-06 19:29:09 [Test worker] INFO  o.s.b.t.c.SpringBootTestContextBootstrapper - Loaded default TestExecutionListener class names from location [META-INF/spring.factories]: [org.springframework.boot.test.mock.mockito.MockitoTestExecutionListener, org.springframework.boot.test.mock.mockito.ResetMocksTestExecutionListener, org.springframework.boot.test.autoconfigure.restdocs.RestDocsTestExecutionListener, org.springframework.boot.test.autoconfigure.web.client.MockRestServiceServerResetTestExecutionListener, org.springframework.boot.test.autoconfigure.web.servlet.MockMvcPrintOnlyOnFailureTestExecutionListener, org.springframework.boot.test.autoconfigure.web.servlet.WebDriverTestExecutionListener, org.springframework.test.context.web.ServletTestExecutionListener, org.springframework.test.context.support.DirtiesContextBeforeModesTestExecutionListener, org.springframework.test.context.support.DependencyInjectionTestExecutionListener, org.springframework.test.context.support.DirtiesContextTestExecutionListener, org.springframework.test.context.transaction.TransactionalTestExecutionListener, org.springframework.test.context.jdbc.SqlScriptsTestExecutionListener]
2017-12-06 19:29:09 [Test worker] INFO  o.s.b.t.c.SpringBootTestContextBootstrapper - Could not instantiate TestExecutionListener [org.springframework.test.context.transaction.TransactionalTestExecutionListener]. Specify custom listener classes or make the default listener classes (and their required dependencies) available. Offending class: [org/springframework/transaction/interceptor/TransactionAttributeSource]
2017-12-06 19:29:09 [Test worker] INFO  o.s.b.t.c.SpringBootTestContextBootstrapper - Could not instantiate TestExecutionListener [org.springframework.test.context.jdbc.SqlScriptsTestExecutionListener]. Specify custom listener classes or make the default listener classes (and their required dependencies) available. Offending class: [org/springframework/transaction/interceptor/TransactionAttribute]
2017-12-06 19:29:09 [Test worker] INFO  o.s.b.t.c.SpringBootTestContextBootstrapper - Using TestExecutionListeners: [org.springframework.test.context.web.ServletTestExecutionListener@10a69a5, org.springframework.test.context.support.DirtiesContextBeforeModesTestExecutionListener@1ef912d, org.springframework.boot.test.autoconfigure.SpringBootDependencyInjectionTestExecutionListener@100cbdc, org.springframework.test.context.support.DirtiesContextTestExecutionListener@17cf753, org.springframework.boot.test.autoconfigure.web.client.MockRestServiceServerResetTestExecutionListener@161e298, org.springframework.boot.test.autoconfigure.web.servlet.MockMvcPrintOnlyOnFailureTestExecutionListener@786520, org.springframework.boot.test.mock.mockito.ResetMocksTestExecutionListener@1370758, org.springframework.boot.test.autoconfigure.restdocs.RestDocsTestExecutionListener@18fbbc2, org.springframework.boot.test.mock.mockito.MockitoTestExecutionListener@136f609, org.springframework.boot.test.autoconfigure.web.servlet.WebDriverTestExecutionListener@18c1aa]
2017-12-06 19:29:09 [Test worker] INFO  c.d.a.c.s.EmailNotificationService - Sending notification to owner of Id-789: Amount 500 transfered to Id-456
2017-12-06 19:29:09 [Test worker] INFO  c.d.a.c.s.EmailNotificationService - Sending notification to owner of Id-456: Amount 500 received from Id-789
2017-12-07 19:45:38 [main] INFO  c.d.a.c.FundTransferServiceTest - Starting FundTransferServiceTest on Kavan-PC with PID 1772 (started by Kavan in C:\Users\Kavan\CodeChallenge\Java Challenge)
2017-12-07 19:45:39 [main] DEBUG c.d.a.c.FundTransferServiceTest - Running with Spring Boot v1.5.4.RELEASE, Spring v4.3.9.RELEASE
2017-12-07 19:45:39 [main] INFO  c.d.a.c.FundTransferServiceTest - No active profile set, falling back to default profiles: default
2017-12-07 19:45:44 [main] INFO  c.d.a.c.FundTransferServiceTest - Started FundTransferServiceTest in 6.759 seconds (JVM running for 9.489)
2017-12-07 19:46:41 [main] INFO  c.d.a.c.FundTransferServiceTest - Starting FundTransferServiceTest on Kavan-PC with PID 4020 (started by Kavan in C:\Users\Kavan\CodeChallenge\Java Challenge)
2017-12-07 19:46:41 [main] DEBUG c.d.a.c.FundTransferServiceTest - Running with Spring Boot v1.5.4.RELEASE, Spring v4.3.9.RELEASE
2017-12-07 19:46:41 [main] INFO  c.d.a.c.FundTransferServiceTest - No active profile set, falling back to default profiles: default
2017-12-07 19:46:46 [main] INFO  c.d.a.c.FundTransferServiceTest - Started FundTransferServiceTest in 5.392 seconds (JVM running for 6.978)
2017-12-09 08:10:18 [Test worker] INFO  c.d.a.c.FundTransferControllerTest - Starting FundTransferControllerTest on Kavan-PC with PID 4632 (started by Kavan in C:\Users\Kavan\CodeChallenge\Java Challenge)
2017-12-09 08:10:18 [Test worker] DEBUG c.d.a.c.FundTransferControllerTest - Running with Spring Boot v1.5.4.RELEASE, Spring v4.3.9.RELEASE
2017-12-09 08:10:18 [Test worker] INFO  c.d.a.c.FundTransferControllerTest - No active profile set, falling back to default profiles: default
2017-12-09 08:10:27 [Test worker] INFO  c.d.a.c.FundTransferControllerTest - Started FundTransferControllerTest in 11.436 seconds (JVM running for 16.838)
2017-12-09 08:10:28 [Test worker] INFO  o.s.b.t.m.w.SpringBootMockServletContext - Initializing Spring FrameworkServlet ''
2017-12-09 08:10:28 [Test worker] INFO  o.s.t.w.s.TestDispatcherServlet - FrameworkServlet '': initialization started
2017-12-09 08:10:28 [Test worker] INFO  o.s.t.w.s.TestDispatcherServlet - FrameworkServlet '': initialization completed in 50 ms
2017-12-09 08:10:29 [Test worker] INFO  c.d.a.c.web.AccountsController - Creating account Account(accountId=Id-123, balance=1000, lock=java.util.concurrent.locks.ReentrantLock@212f96[Unlocked])
2017-12-09 08:10:29 [Test worker] INFO  c.d.a.c.web.AccountsController - Creating account Account(accountId=Id-456, balance=2000, lock=java.util.concurrent.locks.ReentrantLock@7ced35[Unlocked])
2017-12-09 08:10:29 [Test worker] INFO  c.d.a.c.web.FundTransferController - Initiating fund transfer..
2017-12-09 08:10:29 [Test worker] INFO  o.s.b.t.m.w.SpringBootMockServletContext - Initializing Spring FrameworkServlet ''
2017-12-09 08:10:29 [Test worker] INFO  o.s.t.w.s.TestDispatcherServlet - FrameworkServlet '': initialization started
2017-12-09 08:10:29 [Test worker] INFO  o.s.t.w.s.TestDispatcherServlet - FrameworkServlet '': initialization completed in 3 ms
2017-12-09 08:10:29 [Test worker] INFO  o.s.b.t.m.w.SpringBootMockServletContext - Initializing Spring FrameworkServlet ''
2017-12-09 08:10:29 [Test worker] INFO  o.s.t.w.s.TestDispatcherServlet - FrameworkServlet '': initialization started
2017-12-09 08:10:29 [Test worker] INFO  o.s.t.w.s.TestDispatcherServlet - FrameworkServlet '': initialization completed in 2 ms
2017-12-09 08:10:29 [Test worker] INFO  o.s.b.t.m.w.SpringBootMockServletContext - Initializing Spring FrameworkServlet ''
2017-12-09 08:10:29 [Test worker] INFO  o.s.t.w.s.TestDispatcherServlet - FrameworkServlet '': initialization started
2017-12-09 08:10:29 [Test worker] INFO  o.s.t.w.s.TestDispatcherServlet - FrameworkServlet '': initialization completed in 5 ms
2017-12-09 08:10:29 [Test worker] INFO  o.s.b.t.m.w.SpringBootMockServletContext - Initializing Spring FrameworkServlet ''
2017-12-09 08:10:29 [Test worker] INFO  o.s.t.w.s.TestDispatcherServlet - FrameworkServlet '': initialization started
2017-12-09 08:10:29 [Test worker] INFO  o.s.t.w.s.TestDispatcherServlet - FrameworkServlet '': initialization completed in 1 ms
2017-12-09 08:10:29 [Test worker] INFO  o.s.b.t.c.SpringBootTestContextBootstrapper - Neither @ContextConfiguration nor @ContextHierarchy found for test class [com.db.awmd.challenge.FundTransferServiceTest], using SpringBootContextLoader
2017-12-09 08:10:29 [Test worker] INFO  o.s.t.c.s.AbstractContextLoader - Could not detect default resource locations for test class [com.db.awmd.challenge.FundTransferServiceTest]: no resource found for suffixes {-context.xml, Context.groovy}.
2017-12-09 08:10:29 [Test worker] INFO  o.s.t.c.s.AnnotationConfigContextLoaderUtils - Could not detect default configuration classes for test class [com.db.awmd.challenge.FundTransferServiceTest]: FundTransferServiceTest does not declare any static, non-private, non-final, nested classes annotated with @Configuration.
2017-12-09 08:10:29 [Test worker] INFO  o.s.b.t.c.SpringBootTestContextBootstrapper - Found @SpringBootConfiguration com.db.awmd.challenge.DevChallengeApplication for test class com.db.awmd.challenge.FundTransferServiceTest
2017-12-09 08:10:29 [Test worker] INFO  o.s.b.t.c.SpringBootTestContextBootstrapper - Loaded default TestExecutionListener class names from location [META-INF/spring.factories]: [org.springframework.boot.test.mock.mockito.MockitoTestExecutionListener, org.springframework.boot.test.mock.mockito.ResetMocksTestExecutionListener, org.springframework.boot.test.autoconfigure.restdocs.RestDocsTestExecutionListener, org.springframework.boot.test.autoconfigure.web.client.MockRestServiceServerResetTestExecutionListener, org.springframework.boot.test.autoconfigure.web.servlet.MockMvcPrintOnlyOnFailureTestExecutionListener, org.springframework.boot.test.autoconfigure.web.servlet.WebDriverTestExecutionListener, org.springframework.test.context.web.ServletTestExecutionListener, org.springframework.test.context.support.DirtiesContextBeforeModesTestExecutionListener, org.springframework.test.context.support.DependencyInjectionTestExecutionListener, org.springframework.test.context.support.DirtiesContextTestExecutionListener, org.springframework.test.context.transaction.TransactionalTestExecutionListener, org.springframework.test.context.jdbc.SqlScriptsTestExecutionListener]
2017-12-09 08:10:29 [Test worker] INFO  o.s.b.t.c.SpringBootTestContextBootstrapper - Could not instantiate TestExecutionListener [org.springframework.test.context.transaction.TransactionalTestExecutionListener]. Specify custom listener classes or make the default listener classes (and their required dependencies) available. Offending class: [org/springframework/transaction/interceptor/TransactionAttributeSource]
2017-12-09 08:10:29 [Test worker] INFO  o.s.b.t.c.SpringBootTestContextBootstrapper - Could not instantiate TestExecutionListener [org.springframework.test.context.jdbc.SqlScriptsTestExecutionListener]. Specify custom listener classes or make the default listener classes (and their required dependencies) available. Offending class: [org/springframework/transaction/interceptor/TransactionAttribute]
2017-12-09 08:10:29 [Test worker] INFO  o.s.b.t.c.SpringBootTestContextBootstrapper - Using TestExecutionListeners: [org.springframework.test.context.web.ServletTestExecutionListener@1ba6fa, org.springframework.test.context.support.DirtiesContextBeforeModesTestExecutionListener@1fe5f0a, org.springframework.boot.test.autoconfigure.SpringBootDependencyInjectionTestExecutionListener@1f355a5, org.springframework.test.context.support.DirtiesContextTestExecutionListener@16e7c58, org.springframework.boot.test.autoconfigure.web.client.MockRestServiceServerResetTestExecutionListener@9f3cb9, org.springframework.boot.test.autoconfigure.web.servlet.MockMvcPrintOnlyOnFailureTestExecutionListener@192346f, org.springframework.boot.test.mock.mockito.ResetMocksTestExecutionListener@631705, org.springframework.boot.test.autoconfigure.restdocs.RestDocsTestExecutionListener@4f32ad, org.springframework.boot.test.mock.mockito.MockitoTestExecutionListener@1c2bda9, org.springframework.boot.test.autoconfigure.web.servlet.WebDriverTestExecutionListener@167df32]
2017-12-09 08:14:23 [Test worker] INFO  c.d.a.c.AccountsControllerTest - Starting AccountsControllerTest on Kavan-PC with PID 3024 (started by Kavan in C:\Users\Kavan\CodeChallenge\Java Challenge)
2017-12-09 08:14:23 [Test worker] DEBUG c.d.a.c.AccountsControllerTest - Running with Spring Boot v1.5.4.RELEASE, Spring v4.3.9.RELEASE
2017-12-09 08:14:23 [Test worker] INFO  c.d.a.c.AccountsControllerTest - No active profile set, falling back to default profiles: default
2017-12-09 08:14:29 [Test worker] INFO  c.d.a.c.AccountsControllerTest - Started AccountsControllerTest in 8.647 seconds (JVM running for 11.559)
2017-12-09 08:14:29 [Test worker] INFO  o.s.b.t.m.w.SpringBootMockServletContext - Initializing Spring FrameworkServlet ''
2017-12-09 08:14:29 [Test worker] INFO  o.s.t.w.s.TestDispatcherServlet - FrameworkServlet '': initialization started
2017-12-09 08:14:29 [Test worker] INFO  o.s.t.w.s.TestDispatcherServlet - FrameworkServlet '': initialization completed in 27 ms
2017-12-09 08:14:30 [Test worker] INFO  c.d.a.c.web.AccountsController - Creating account Account(accountId=Id-123, balance=1000, lock=java.util.concurrent.locks.ReentrantLock@1e4d598[Unlocked])
2017-12-09 08:14:30 [Test worker] INFO  c.d.a.c.web.AccountsController - Creating account Account(accountId=Id-123, balance=1000, lock=java.util.concurrent.locks.ReentrantLock@16496b4[Unlocked])
2017-12-09 08:14:30 [Test worker] INFO  o.s.b.t.m.w.SpringBootMockServletContext - Initializing Spring FrameworkServlet ''
2017-12-09 08:14:30 [Test worker] INFO  o.s.t.w.s.TestDispatcherServlet - FrameworkServlet '': initialization started
2017-12-09 08:14:30 [Test worker] INFO  o.s.t.w.s.TestDispatcherServlet - FrameworkServlet '': initialization completed in 2 ms
2017-12-09 08:14:30 [Test worker] INFO  c.d.a.c.web.AccountsController - Retrieving account for id Id-1512787470352
2017-12-09 08:14:30 [Test worker] INFO  o.s.b.t.m.w.SpringBootMockServletContext - Initializing Spring FrameworkServlet ''
2017-12-09 08:14:30 [Test worker] INFO  o.s.t.w.s.TestDispatcherServlet - FrameworkServlet '': initialization started
2017-12-09 08:14:30 [Test worker] INFO  o.s.t.w.s.TestDispatcherServlet - FrameworkServlet '': initialization completed in 2 ms
2017-12-09 08:14:30 [Test worker] INFO  o.s.b.t.m.w.SpringBootMockServletContext - Initializing Spring FrameworkServlet ''
2017-12-09 08:14:30 [Test worker] INFO  o.s.t.w.s.TestDispatcherServlet - FrameworkServlet '': initialization started
2017-12-09 08:14:30 [Test worker] INFO  o.s.t.w.s.TestDispatcherServlet - FrameworkServlet '': initialization completed in 2 ms
2017-12-09 08:14:30 [Test worker] INFO  o.s.b.t.m.w.SpringBootMockServletContext - Initializing Spring FrameworkServlet ''
2017-12-09 08:14:30 [Test worker] INFO  o.s.t.w.s.TestDispatcherServlet - FrameworkServlet '': initialization started
2017-12-09 08:14:30 [Test worker] INFO  o.s.t.w.s.TestDispatcherServlet - FrameworkServlet '': initialization completed in 2 ms
2017-12-09 08:14:30 [Test worker] INFO  o.s.b.t.m.w.SpringBootMockServletContext - Initializing Spring FrameworkServlet ''
2017-12-09 08:14:30 [Test worker] INFO  o.s.t.w.s.TestDispatcherServlet - FrameworkServlet '': initialization started
2017-12-09 08:14:30 [Test worker] INFO  o.s.t.w.s.TestDispatcherServlet - FrameworkServlet '': initialization completed in 2 ms
2017-12-09 08:14:30 [Test worker] INFO  c.d.a.c.web.AccountsController - Creating account Account(accountId=Id-123, balance=1000, lock=java.util.concurrent.locks.ReentrantLock@cd735[Unlocked])
2017-12-09 08:14:30 [Test worker] INFO  o.s.b.t.m.w.SpringBootMockServletContext - Initializing Spring FrameworkServlet ''
2017-12-09 08:14:30 [Test worker] INFO  o.s.t.w.s.TestDispatcherServlet - FrameworkServlet '': initialization started
2017-12-09 08:14:30 [Test worker] INFO  o.s.t.w.s.TestDispatcherServlet - FrameworkServlet '': initialization completed in 2 ms
2017-12-09 08:14:30 [Test worker] INFO  o.s.b.t.m.w.SpringBootMockServletContext - Initializing Spring FrameworkServlet ''
2017-12-09 08:14:30 [Test worker] INFO  o.s.t.w.s.TestDispatcherServlet - FrameworkServlet '': initialization started
2017-12-09 08:14:30 [Test worker] INFO  o.s.t.w.s.TestDispatcherServlet - FrameworkServlet '': initialization completed in 2 ms
2017-12-09 08:14:30 [Test worker] INFO  o.s.b.t.c.SpringBootTestContextBootstrapper - Neither @ContextConfiguration nor @ContextHierarchy found for test class [com.db.awmd.challenge.AccountsServiceTest], using SpringBootContextLoader
2017-12-09 08:14:30 [Test worker] INFO  o.s.t.c.s.AbstractContextLoader - Could not detect default resource locations for test class [com.db.awmd.challenge.AccountsServiceTest]: no resource found for suffixes {-context.xml, Context.groovy}.
2017-12-09 08:14:30 [Test worker] INFO  o.s.t.c.s.AnnotationConfigContextLoaderUtils - Could not detect default configuration classes for test class [com.db.awmd.challenge.AccountsServiceTest]: AccountsServiceTest does not declare any static, non-private, non-final, nested classes annotated with @Configuration.
2017-12-09 08:14:30 [Test worker] INFO  o.s.b.t.c.SpringBootTestContextBootstrapper - Found @SpringBootConfiguration com.db.awmd.challenge.DevChallengeApplication for test class com.db.awmd.challenge.AccountsServiceTest
2017-12-09 08:14:30 [Test worker] INFO  o.s.b.t.c.SpringBootTestContextBootstrapper - Loaded default TestExecutionListener class names from location [META-INF/spring.factories]: [org.springframework.boot.test.mock.mockito.MockitoTestExecutionListener, org.springframework.boot.test.mock.mockito.ResetMocksTestExecutionListener, org.springframework.boot.test.autoconfigure.restdocs.RestDocsTestExecutionListener, org.springframework.boot.test.autoconfigure.web.client.MockRestServiceServerResetTestExecutionListener, org.springframework.boot.test.autoconfigure.web.servlet.MockMvcPrintOnlyOnFailureTestExecutionListener, org.springframework.boot.test.autoconfigure.web.servlet.WebDriverTestExecutionListener, org.springframework.test.context.web.ServletTestExecutionListener, org.springframework.test.context.support.DirtiesContextBeforeModesTestExecutionListener, org.springframework.test.context.support.DependencyInjectionTestExecutionListener, org.springframework.test.context.support.DirtiesContextTestExecutionListener, org.springframework.test.context.transaction.TransactionalTestExecutionListener, org.springframework.test.context.jdbc.SqlScriptsTestExecutionListener]
2017-12-09 08:14:30 [Test worker] INFO  o.s.b.t.c.SpringBootTestContextBootstrapper - Could not instantiate TestExecutionListener [org.springframework.test.context.transaction.TransactionalTestExecutionListener]. Specify custom listener classes or make the default listener classes (and their required dependencies) available. Offending class: [org/springframework/transaction/interceptor/TransactionAttributeSource]
2017-12-09 08:14:30 [Test worker] INFO  o.s.b.t.c.SpringBootTestContextBootstrapper - Could not instantiate TestExecutionListener [org.springframework.test.context.jdbc.SqlScriptsTestExecutionListener]. Specify custom listener classes or make the default listener classes (and their required dependencies) available. Offending class: [org/springframework/transaction/interceptor/TransactionAttribute]
2017-12-09 08:14:30 [Test worker] INFO  o.s.b.t.c.SpringBootTestContextBootstrapper - Using TestExecutionListeners: [org.springframework.test.context.web.ServletTestExecutionListener@1f3a2c2, org.springframework.test.context.support.DirtiesContextBeforeModesTestExecutionListener@8827c9, org.springframework.boot.test.autoconfigure.SpringBootDependencyInjectionTestExecutionListener@1af0125, org.springframework.test.context.support.DirtiesContextTestExecutionListener@52cefb, org.springframework.boot.test.autoconfigure.web.client.MockRestServiceServerResetTestExecutionListener@c79a01, org.springframework.boot.test.autoconfigure.web.servlet.MockMvcPrintOnlyOnFailureTestExecutionListener@18a4e3f, org.springframework.boot.test.mock.mockito.ResetMocksTestExecutionListener@d3d3c2, org.springframework.boot.test.autoconfigure.restdocs.RestDocsTestExecutionListener@7ced35, org.springframework.boot.test.mock.mockito.MockitoTestExecutionListener@3b74e9, org.springframework.boot.test.autoconfigure.web.servlet.WebDriverTestExecutionListener@1052f27]
2017-12-09 08:14:30 [Test worker] INFO  c.d.a.challenge.AccountsServiceTest - Starting AccountsServiceTest on Kavan-PC with PID 3024 (started by Kavan in C:\Users\Kavan\CodeChallenge\Java Challenge)
2017-12-09 08:14:30 [Test worker] DEBUG c.d.a.challenge.AccountsServiceTest - Running with Spring Boot v1.5.4.RELEASE, Spring v4.3.9.RELEASE
2017-12-09 08:14:30 [Test worker] INFO  c.d.a.challenge.AccountsServiceTest - No active profile set, falling back to default profiles: default
2017-12-09 08:14:32 [Test worker] INFO  c.d.a.challenge.AccountsServiceTest - Started AccountsServiceTest in 1.893 seconds (JVM running for 14.727)
2017-12-09 08:14:32 [Test worker] INFO  o.s.b.t.c.SpringBootTestContextBootstrapper - Neither @ContextConfiguration nor @ContextHierarchy found for test class [com.db.awmd.challenge.FundTransferControllerTest], using SpringBootContextLoader
2017-12-09 08:14:32 [Test worker] INFO  o.s.t.c.s.AbstractContextLoader - Could not detect default resource locations for test class [com.db.awmd.challenge.FundTransferControllerTest]: no resource found for suffixes {-context.xml, Context.groovy}.
2017-12-09 08:14:32 [Test worker] INFO  o.s.t.c.s.AnnotationConfigContextLoaderUtils - Could not detect default configuration classes for test class [com.db.awmd.challenge.FundTransferControllerTest]: FundTransferControllerTest does not declare any static, non-private, non-final, nested classes annotated with @Configuration.
2017-12-09 08:14:32 [Test worker] INFO  o.s.b.t.c.SpringBootTestContextBootstrapper - Found @SpringBootConfiguration com.db.awmd.challenge.DevChallengeApplication for test class com.db.awmd.challenge.FundTransferControllerTest
2017-12-09 08:14:32 [Test worker] INFO  o.s.b.t.c.SpringBootTestContextBootstrapper - Loaded default TestExecutionListener class names from location [META-INF/spring.factories]: [org.springframework.boot.test.mock.mockito.MockitoTestExecutionListener, org.springframework.boot.test.mock.mockito.ResetMocksTestExecutionListener, org.springframework.boot.test.autoconfigure.restdocs.RestDocsTestExecutionListener, org.springframework.boot.test.autoconfigure.web.client.MockRestServiceServerResetTestExecutionListener, org.springframework.boot.test.autoconfigure.web.servlet.MockMvcPrintOnlyOnFailureTestExecutionListener, org.springframework.boot.test.autoconfigure.web.servlet.WebDriverTestExecutionListener, org.springframework.test.context.web.ServletTestExecutionListener, org.springframework.test.context.support.DirtiesContextBeforeModesTestExecutionListener, org.springframework.test.context.support.DependencyInjectionTestExecutionListener, org.springframework.test.context.support.DirtiesContextTestExecutionListener, org.springframework.test.context.transaction.TransactionalTestExecutionListener, org.springframework.test.context.jdbc.SqlScriptsTestExecutionListener]
2017-12-09 08:14:32 [Test worker] INFO  o.s.b.t.c.SpringBootTestContextBootstrapper - Could not instantiate TestExecutionListener [org.springframework.test.context.transaction.TransactionalTestExecutionListener]. Specify custom listener classes or make the default listener classes (and their required dependencies) available. Offending class: [org/springframework/transaction/interceptor/TransactionAttributeSource]
2017-12-09 08:14:32 [Test worker] INFO  o.s.b.t.c.SpringBootTestContextBootstrapper - Could not instantiate TestExecutionListener [org.springframework.test.context.jdbc.SqlScriptsTestExecutionListener]. Specify custom listener classes or make the default listener classes (and their required dependencies) available. Offending class: [org/springframework/transaction/interceptor/TransactionAttribute]
2017-12-09 08:14:32 [Test worker] INFO  o.s.b.t.c.SpringBootTestContextBootstrapper - Using TestExecutionListeners: [org.springframework.test.context.web.ServletTestExecutionListener@131a4ae, org.springframework.test.context.support.DirtiesContextBeforeModesTestExecutionListener@a51912, org.springframework.boot.test.autoconfigure.SpringBootDependencyInjectionTestExecutionListener@91b71e, org.springframework.test.context.support.DirtiesContextTestExecutionListener@3c39ed, org.springframework.boot.test.autoconfigure.web.client.MockRestServiceServerResetTestExecutionListener@26f910, org.springframework.boot.test.autoconfigure.web.servlet.MockMvcPrintOnlyOnFailureTestExecutionListener@c11ccf, org.springframework.boot.test.mock.mockito.ResetMocksTestExecutionListener@19b628e, org.springframework.boot.test.autoconfigure.restdocs.RestDocsTestExecutionListener@8dde41, org.springframework.boot.test.mock.mockito.MockitoTestExecutionListener@15e4bf9, org.springframework.boot.test.autoconfigure.web.servlet.WebDriverTestExecutionListener@1f10d39]
2017-12-09 08:14:32 [Test worker] INFO  o.s.b.t.m.w.SpringBootMockServletContext - Initializing Spring FrameworkServlet ''
2017-12-09 08:14:32 [Test worker] INFO  o.s.t.w.s.TestDispatcherServlet - FrameworkServlet '': initialization started
2017-12-09 08:14:32 [Test worker] INFO  o.s.t.w.s.TestDispatcherServlet - FrameworkServlet '': initialization completed in 2 ms
2017-12-09 08:14:32 [Test worker] INFO  c.d.a.c.web.AccountsController - Creating account Account(accountId=Id-123, balance=1000, lock=java.util.concurrent.locks.ReentrantLock@75d43b[Unlocked])
2017-12-09 08:14:32 [Test worker] INFO  c.d.a.c.web.AccountsController - Creating account Account(accountId=Id-456, balance=2000, lock=java.util.concurrent.locks.ReentrantLock@2c01ca[Unlocked])
2017-12-09 08:14:32 [Test worker] INFO  c.d.a.c.web.FundTransferController - Initiating fund transfer..
2017-12-09 08:14:32 [Test worker] INFO  o.s.b.t.m.w.SpringBootMockServletContext - Initializing Spring FrameworkServlet ''
2017-12-09 08:14:32 [Test worker] INFO  o.s.t.w.s.TestDispatcherServlet - FrameworkServlet '': initialization started
2017-12-09 08:14:32 [Test worker] INFO  o.s.t.w.s.TestDispatcherServlet - FrameworkServlet '': initialization completed in 2 ms
2017-12-09 08:14:32 [Test worker] INFO  o.s.b.t.m.w.SpringBootMockServletContext - Initializing Spring FrameworkServlet ''
2017-12-09 08:14:32 [Test worker] INFO  o.s.t.w.s.TestDispatcherServlet - FrameworkServlet '': initialization started
2017-12-09 08:14:32 [Test worker] INFO  o.s.t.w.s.TestDispatcherServlet - FrameworkServlet '': initialization completed in 2 ms
2017-12-09 08:14:32 [Test worker] INFO  o.s.b.t.m.w.SpringBootMockServletContext - Initializing Spring FrameworkServlet ''
2017-12-09 08:14:32 [Test worker] INFO  o.s.t.w.s.TestDispatcherServlet - FrameworkServlet '': initialization started
2017-12-09 08:14:32 [Test worker] INFO  o.s.t.w.s.TestDispatcherServlet - FrameworkServlet '': initialization completed in 1 ms
2017-12-09 08:14:32 [Test worker] INFO  o.s.b.t.m.w.SpringBootMockServletContext - Initializing Spring FrameworkServlet ''
2017-12-09 08:14:32 [Test worker] INFO  o.s.t.w.s.TestDispatcherServlet - FrameworkServlet '': initialization started
2017-12-09 08:14:32 [Test worker] INFO  o.s.t.w.s.TestDispatcherServlet - FrameworkServlet '': initialization completed in 2 ms
2017-12-09 08:14:32 [Test worker] INFO  o.s.b.t.c.SpringBootTestContextBootstrapper - Neither @ContextConfiguration nor @ContextHierarchy found for test class [com.db.awmd.challenge.FundTransferServiceTest], using SpringBootContextLoader
2017-12-09 08:14:32 [Test worker] INFO  o.s.t.c.s.AbstractContextLoader - Could not detect default resource locations for test class [com.db.awmd.challenge.FundTransferServiceTest]: no resource found for suffixes {-context.xml, Context.groovy}.
2017-12-09 08:14:32 [Test worker] INFO  o.s.t.c.s.AnnotationConfigContextLoaderUtils - Could not detect default configuration classes for test class [com.db.awmd.challenge.FundTransferServiceTest]: FundTransferServiceTest does not declare any static, non-private, non-final, nested classes annotated with @Configuration.
2017-12-09 08:14:32 [Test worker] INFO  o.s.b.t.c.SpringBootTestContextBootstrapper - Found @SpringBootConfiguration com.db.awmd.challenge.DevChallengeApplication for test class com.db.awmd.challenge.FundTransferServiceTest
2017-12-09 08:14:32 [Test worker] INFO  o.s.b.t.c.SpringBootTestContextBootstrapper - Loaded default TestExecutionListener class names from location [META-INF/spring.factories]: [org.springframework.boot.test.mock.mockito.MockitoTestExecutionListener, org.springframework.boot.test.mock.mockito.ResetMocksTestExecutionListener, org.springframework.boot.test.autoconfigure.restdocs.RestDocsTestExecutionListener, org.springframework.boot.test.autoconfigure.web.client.MockRestServiceServerResetTestExecutionListener, org.springframework.boot.test.autoconfigure.web.servlet.MockMvcPrintOnlyOnFailureTestExecutionListener, org.springframework.boot.test.autoconfigure.web.servlet.WebDriverTestExecutionListener, org.springframework.test.context.web.ServletTestExecutionListener, org.springframework.test.context.support.DirtiesContextBeforeModesTestExecutionListener, org.springframework.test.context.support.DependencyInjectionTestExecutionListener, org.springframework.test.context.support.DirtiesContextTestExecutionListener, org.springframework.test.context.transaction.TransactionalTestExecutionListener, org.springframework.test.context.jdbc.SqlScriptsTestExecutionListener]
2017-12-09 08:14:32 [Test worker] INFO  o.s.b.t.c.SpringBootTestContextBootstrapper - Could not instantiate TestExecutionListener [org.springframework.test.context.transaction.TransactionalTestExecutionListener]. Specify custom listener classes or make the default listener classes (and their required dependencies) available. Offending class: [org/springframework/transaction/interceptor/TransactionAttributeSource]
2017-12-09 08:14:32 [Test worker] INFO  o.s.b.t.c.SpringBootTestContextBootstrapper - Could not instantiate TestExecutionListener [org.springframework.test.context.jdbc.SqlScriptsTestExecutionListener]. Specify custom listener classes or make the default listener classes (and their required dependencies) available. Offending class: [org/springframework/transaction/interceptor/TransactionAttribute]
2017-12-09 08:14:32 [Test worker] INFO  o.s.b.t.c.SpringBootTestContextBootstrapper - Using TestExecutionListeners: [org.springframework.test.context.web.ServletTestExecutionListener@11155ed, org.springframework.test.context.support.DirtiesContextBeforeModesTestExecutionListener@1413120, org.springframework.boot.test.autoconfigure.SpringBootDependencyInjectionTestExecutionListener@e7824d, org.springframework.test.context.support.DirtiesContextTestExecutionListener@1a9471f, org.springframework.boot.test.autoconfigure.web.client.MockRestServiceServerResetTestExecutionListener@70d87a, org.springframework.boot.test.autoconfigure.web.servlet.MockMvcPrintOnlyOnFailureTestExecutionListener@443125, org.springframework.boot.test.mock.mockito.ResetMocksTestExecutionListener@4d214a, org.springframework.boot.test.autoconfigure.restdocs.RestDocsTestExecutionListener@1731fa3, org.springframework.boot.test.mock.mockito.MockitoTestExecutionListener@1c4a17f, org.springframework.boot.test.autoconfigure.web.servlet.WebDriverTestExecutionListener@56707b]
2017-12-09 08:19:22 [Test worker] INFO  c.d.a.c.AccountsControllerTest - Starting AccountsControllerTest on Kavan-PC with PID 1228 (started by Kavan in C:\Users\Kavan\CodeChallenge\Java Challenge)
2017-12-09 08:19:22 [Test worker] DEBUG c.d.a.c.AccountsControllerTest - Running with Spring Boot v1.5.4.RELEASE, Spring v4.3.9.RELEASE
2017-12-09 08:19:22 [Test worker] INFO  c.d.a.c.AccountsControllerTest - No active profile set, falling back to default profiles: default
2017-12-09 08:19:25 [Test worker] INFO  c.d.a.c.AccountsControllerTest - Started AccountsControllerTest in 4.265 seconds (JVM running for 6.252)
2017-12-09 08:19:25 [Test worker] INFO  o.s.b.t.m.w.SpringBootMockServletContext - Initializing Spring FrameworkServlet ''
2017-12-09 08:19:25 [Test worker] INFO  o.s.t.w.s.TestDispatcherServlet - FrameworkServlet '': initialization started
2017-12-09 08:19:25 [Test worker] INFO  o.s.t.w.s.TestDispatcherServlet - FrameworkServlet '': initialization completed in 26 ms
2017-12-09 08:19:26 [Test worker] INFO  c.d.a.c.web.AccountsController - Creating account Account(accountId=Id-123, balance=1000, lock=java.util.concurrent.locks.ReentrantLock@1c3ca38[Unlocked])
2017-12-09 08:19:26 [Test worker] INFO  c.d.a.c.web.AccountsController - Creating account Account(accountId=Id-123, balance=1000, lock=java.util.concurrent.locks.ReentrantLock@85277c[Unlocked])
2017-12-09 08:19:26 [Test worker] INFO  o.s.b.t.m.w.SpringBootMockServletContext - Initializing Spring FrameworkServlet ''
2017-12-09 08:19:26 [Test worker] INFO  o.s.t.w.s.TestDispatcherServlet - FrameworkServlet '': initialization started
2017-12-09 08:19:26 [Test worker] INFO  o.s.t.w.s.TestDispatcherServlet - FrameworkServlet '': initialization completed in 40 ms
2017-12-09 08:19:26 [Test worker] INFO  c.d.a.c.web.AccountsController - Retrieving account for id Id-1512787766475
2017-12-09 08:19:26 [Test worker] INFO  o.s.b.t.m.w.SpringBootMockServletContext - Initializing Spring FrameworkServlet ''
2017-12-09 08:19:26 [Test worker] INFO  o.s.t.w.s.TestDispatcherServlet - FrameworkServlet '': initialization started
2017-12-09 08:19:26 [Test worker] INFO  o.s.t.w.s.TestDispatcherServlet - FrameworkServlet '': initialization completed in 2 ms
2017-12-09 08:19:26 [Test worker] INFO  o.s.b.t.m.w.SpringBootMockServletContext - Initializing Spring FrameworkServlet ''
2017-12-09 08:19:26 [Test worker] INFO  o.s.t.w.s.TestDispatcherServlet - FrameworkServlet '': initialization started
2017-12-09 08:19:26 [Test worker] INFO  o.s.t.w.s.TestDispatcherServlet - FrameworkServlet '': initialization completed in 4 ms
2017-12-09 08:19:26 [Test worker] INFO  o.s.b.t.m.w.SpringBootMockServletContext - Initializing Spring FrameworkServlet ''
2017-12-09 08:19:26 [Test worker] INFO  o.s.t.w.s.TestDispatcherServlet - FrameworkServlet '': initialization started
2017-12-09 08:19:26 [Test worker] INFO  o.s.t.w.s.TestDispatcherServlet - FrameworkServlet '': initialization completed in 2 ms
2017-12-09 08:19:26 [Test worker] INFO  o.s.b.t.m.w.SpringBootMockServletContext - Initializing Spring FrameworkServlet ''
2017-12-09 08:19:26 [Test worker] INFO  o.s.t.w.s.TestDispatcherServlet - FrameworkServlet '': initialization started
2017-12-09 08:19:26 [Test worker] INFO  o.s.t.w.s.TestDispatcherServlet - FrameworkServlet '': initialization completed in 2 ms
2017-12-09 08:19:26 [Test worker] INFO  c.d.a.c.web.AccountsController - Creating account Account(accountId=Id-123, balance=1000, lock=java.util.concurrent.locks.ReentrantLock@11f1e7[Unlocked])
2017-12-09 08:19:26 [Test worker] INFO  o.s.b.t.m.w.SpringBootMockServletContext - Initializing Spring FrameworkServlet ''
2017-12-09 08:19:26 [Test worker] INFO  o.s.t.w.s.TestDispatcherServlet - FrameworkServlet '': initialization started
2017-12-09 08:19:26 [Test worker] INFO  o.s.t.w.s.TestDispatcherServlet - FrameworkServlet '': initialization completed in 1 ms
2017-12-09 08:19:26 [Test worker] INFO  o.s.b.t.m.w.SpringBootMockServletContext - Initializing Spring FrameworkServlet ''
2017-12-09 08:19:26 [Test worker] INFO  o.s.t.w.s.TestDispatcherServlet - FrameworkServlet '': initialization started
2017-12-09 08:19:26 [Test worker] INFO  o.s.t.w.s.TestDispatcherServlet - FrameworkServlet '': initialization completed in 2 ms
2017-12-09 08:19:26 [Test worker] INFO  o.s.b.t.c.SpringBootTestContextBootstrapper - Neither @ContextConfiguration nor @ContextHierarchy found for test class [com.db.awmd.challenge.AccountsServiceTest], using SpringBootContextLoader
2017-12-09 08:19:26 [Test worker] INFO  o.s.t.c.s.AbstractContextLoader - Could not detect default resource locations for test class [com.db.awmd.challenge.AccountsServiceTest]: no resource found for suffixes {-context.xml, Context.groovy}.
2017-12-09 08:19:26 [Test worker] INFO  o.s.t.c.s.AnnotationConfigContextLoaderUtils - Could not detect default configuration classes for test class [com.db.awmd.challenge.AccountsServiceTest]: AccountsServiceTest does not declare any static, non-private, non-final, nested classes annotated with @Configuration.
2017-12-09 08:19:26 [Test worker] INFO  o.s.b.t.c.SpringBootTestContextBootstrapper - Found @SpringBootConfiguration com.db.awmd.challenge.DevChallengeApplication for test class com.db.awmd.challenge.AccountsServiceTest
2017-12-09 08:19:26 [Test worker] INFO  o.s.b.t.c.SpringBootTestContextBootstrapper - Loaded default TestExecutionListener class names from location [META-INF/spring.factories]: [org.springframework.boot.test.mock.mockito.MockitoTestExecutionListener, org.springframework.boot.test.mock.mockito.ResetMocksTestExecutionListener, org.springframework.boot.test.autoconfigure.restdocs.RestDocsTestExecutionListener, org.springframework.boot.test.autoconfigure.web.client.MockRestServiceServerResetTestExecutionListener, org.springframework.boot.test.autoconfigure.web.servlet.MockMvcPrintOnlyOnFailureTestExecutionListener, org.springframework.boot.test.autoconfigure.web.servlet.WebDriverTestExecutionListener, org.springframework.test.context.web.ServletTestExecutionListener, org.springframework.test.context.support.DirtiesContextBeforeModesTestExecutionListener, org.springframework.test.context.support.DependencyInjectionTestExecutionListener, org.springframework.test.context.support.DirtiesContextTestExecutionListener, org.springframework.test.context.transaction.TransactionalTestExecutionListener, org.springframework.test.context.jdbc.SqlScriptsTestExecutionListener]
2017-12-09 08:19:26 [Test worker] INFO  o.s.b.t.c.SpringBootTestContextBootstrapper - Could not instantiate TestExecutionListener [org.springframework.test.context.transaction.TransactionalTestExecutionListener]. Specify custom listener classes or make the default listener classes (and their required dependencies) available. Offending class: [org/springframework/transaction/interceptor/TransactionAttributeSource]
2017-12-09 08:19:26 [Test worker] INFO  o.s.b.t.c.SpringBootTestContextBootstrapper - Could not instantiate TestExecutionListener [org.springframework.test.context.jdbc.SqlScriptsTestExecutionListener]. Specify custom listener classes or make the default listener classes (and their required dependencies) available. Offending class: [org/springframework/transaction/interceptor/TransactionAttribute]
2017-12-09 08:19:26 [Test worker] INFO  o.s.b.t.c.SpringBootTestContextBootstrapper - Using TestExecutionListeners: [org.springframework.test.context.web.ServletTestExecutionListener@1d8e90c, org.springframework.test.context.support.DirtiesContextBeforeModesTestExecutionListener@ca248, org.springframework.boot.test.autoconfigure.SpringBootDependencyInjectionTestExecutionListener@1a54f9c, org.springframework.test.context.support.DirtiesContextTestExecutionListener@f1b719, org.springframework.boot.test.mock.mockito.ResetMocksTestExecutionListener@37b3c2, org.springframework.boot.test.autoconfigure.web.servlet.WebDriverTestExecutionListener@11458ee, org.springframework.boot.test.mock.mockito.MockitoTestExecutionListener@fe3eff, org.springframework.boot.test.autoconfigure.web.servlet.MockMvcPrintOnlyOnFailureTestExecutionListener@1d01ec6, org.springframework.boot.test.autoconfigure.restdocs.RestDocsTestExecutionListener@780e1d, org.springframework.boot.test.autoconfigure.web.client.MockRestServiceServerResetTestExecutionListener@188ef54]
2017-12-09 08:19:26 [Test worker] INFO  c.d.a.challenge.AccountsServiceTest - Starting AccountsServiceTest on Kavan-PC with PID 1228 (started by Kavan in C:\Users\Kavan\CodeChallenge\Java Challenge)
2017-12-09 08:19:26 [Test worker] DEBUG c.d.a.challenge.AccountsServiceTest - Running with Spring Boot v1.5.4.RELEASE, Spring v4.3.9.RELEASE
2017-12-09 08:19:26 [Test worker] INFO  c.d.a.challenge.AccountsServiceTest - No active profile set, falling back to default profiles: default
2017-12-09 08:19:28 [Test worker] INFO  c.d.a.challenge.AccountsServiceTest - Started AccountsServiceTest in 1.98 seconds (JVM running for 9.207)
2017-12-09 08:19:28 [Test worker] INFO  o.s.b.t.c.SpringBootTestContextBootstrapper - Neither @ContextConfiguration nor @ContextHierarchy found for test class [com.db.awmd.challenge.FundTransferControllerTest], using SpringBootContextLoader
2017-12-09 08:19:28 [Test worker] INFO  o.s.t.c.s.AbstractContextLoader - Could not detect default resource locations for test class [com.db.awmd.challenge.FundTransferControllerTest]: no resource found for suffixes {-context.xml, Context.groovy}.
2017-12-09 08:19:28 [Test worker] INFO  o.s.t.c.s.AnnotationConfigContextLoaderUtils - Could not detect default configuration classes for test class [com.db.awmd.challenge.FundTransferControllerTest]: FundTransferControllerTest does not declare any static, non-private, non-final, nested classes annotated with @Configuration.
2017-12-09 08:19:28 [Test worker] INFO  o.s.b.t.c.SpringBootTestContextBootstrapper - Found @SpringBootConfiguration com.db.awmd.challenge.DevChallengeApplication for test class com.db.awmd.challenge.FundTransferControllerTest
2017-12-09 08:19:28 [Test worker] INFO  o.s.b.t.c.SpringBootTestContextBootstrapper - Loaded default TestExecutionListener class names from location [META-INF/spring.factories]: [org.springframework.boot.test.mock.mockito.MockitoTestExecutionListener, org.springframework.boot.test.mock.mockito.ResetMocksTestExecutionListener, org.springframework.boot.test.autoconfigure.restdocs.RestDocsTestExecutionListener, org.springframework.boot.test.autoconfigure.web.client.MockRestServiceServerResetTestExecutionListener, org.springframework.boot.test.autoconfigure.web.servlet.MockMvcPrintOnlyOnFailureTestExecutionListener, org.springframework.boot.test.autoconfigure.web.servlet.WebDriverTestExecutionListener, org.springframework.test.context.web.ServletTestExecutionListener, org.springframework.test.context.support.DirtiesContextBeforeModesTestExecutionListener, org.springframework.test.context.support.DependencyInjectionTestExecutionListener, org.springframework.test.context.support.DirtiesContextTestExecutionListener, org.springframework.test.context.transaction.TransactionalTestExecutionListener, org.springframework.test.context.jdbc.SqlScriptsTestExecutionListener]
2017-12-09 08:19:28 [Test worker] INFO  o.s.b.t.c.SpringBootTestContextBootstrapper - Could not instantiate TestExecutionListener [org.springframework.test.context.transaction.TransactionalTestExecutionListener]. Specify custom listener classes or make the default listener classes (and their required dependencies) available. Offending class: [org/springframework/transaction/interceptor/TransactionAttributeSource]
2017-12-09 08:19:28 [Test worker] INFO  o.s.b.t.c.SpringBootTestContextBootstrapper - Could not instantiate TestExecutionListener [org.springframework.test.context.jdbc.SqlScriptsTestExecutionListener]. Specify custom listener classes or make the default listener classes (and their required dependencies) available. Offending class: [org/springframework/transaction/interceptor/TransactionAttribute]
2017-12-09 08:19:28 [Test worker] INFO  o.s.b.t.c.SpringBootTestContextBootstrapper - Using TestExecutionListeners: [org.springframework.test.context.web.ServletTestExecutionListener@1e69ef1, org.springframework.test.context.support.DirtiesContextBeforeModesTestExecutionListener@40f3b6, org.springframework.boot.test.autoconfigure.SpringBootDependencyInjectionTestExecutionListener@72b521, org.springframework.test.context.support.DirtiesContextTestExecutionListener@8a8e0d, org.springframework.boot.test.mock.mockito.ResetMocksTestExecutionListener@1b48abb, org.springframework.boot.test.autoconfigure.web.servlet.WebDriverTestExecutionListener@8412f8, org.springframework.boot.test.mock.mockito.MockitoTestExecutionListener@14c6f74, org.springframework.boot.test.autoconfigure.web.servlet.MockMvcPrintOnlyOnFailureTestExecutionListener@1f86af6, org.springframework.boot.test.autoconfigure.restdocs.RestDocsTestExecutionListener@88c9a0, org.springframework.boot.test.autoconfigure.web.client.MockRestServiceServerResetTestExecutionListener@630a1b]
2017-12-09 08:19:28 [Test worker] INFO  o.s.b.t.m.w.SpringBootMockServletContext - Initializing Spring FrameworkServlet ''
2017-12-09 08:19:28 [Test worker] INFO  o.s.t.w.s.TestDispatcherServlet - FrameworkServlet '': initialization started
2017-12-09 08:19:28 [Test worker] INFO  o.s.t.w.s.TestDispatcherServlet - FrameworkServlet '': initialization completed in 2 ms
2017-12-09 08:19:28 [Test worker] INFO  c.d.a.c.web.AccountsController - Creating account Account(accountId=Id-123, balance=1000, lock=java.util.concurrent.locks.ReentrantLock@1636b46[Unlocked])
2017-12-09 08:19:28 [Test worker] INFO  c.d.a.c.web.AccountsController - Creating account Account(accountId=Id-456, balance=2000, lock=java.util.concurrent.locks.ReentrantLock@12f6625[Unlocked])
2017-12-09 08:19:28 [Test worker] INFO  c.d.a.c.web.FundTransferController - Initiating fund transfer..
2017-12-09 08:19:28 [Test worker] INFO  c.d.a.c.s.EmailNotificationService - Sending notification to owner of Id-123: Amount 500 transfered to Id-456
2017-12-09 08:19:28 [Test worker] INFO  c.d.a.c.s.EmailNotificationService - Sending notification to owner of Id-456: Amount 500 received from Id-123
2017-12-09 08:19:28 [Test worker] INFO  o.s.b.t.m.w.SpringBootMockServletContext - Initializing Spring FrameworkServlet ''
2017-12-09 08:19:28 [Test worker] INFO  o.s.t.w.s.TestDispatcherServlet - FrameworkServlet '': initialization started
2017-12-09 08:19:28 [Test worker] INFO  o.s.t.w.s.TestDispatcherServlet - FrameworkServlet '': initialization completed in 2 ms
2017-12-09 08:19:28 [Test worker] INFO  o.s.b.t.m.w.SpringBootMockServletContext - Initializing Spring FrameworkServlet ''
2017-12-09 08:19:28 [Test worker] INFO  o.s.t.w.s.TestDispatcherServlet - FrameworkServlet '': initialization started
2017-12-09 08:19:28 [Test worker] INFO  o.s.t.w.s.TestDispatcherServlet - FrameworkServlet '': initialization completed in 4 ms
2017-12-09 08:19:28 [Test worker] INFO  o.s.b.t.m.w.SpringBootMockServletContext - Initializing Spring FrameworkServlet ''
2017-12-09 08:19:28 [Test worker] INFO  o.s.t.w.s.TestDispatcherServlet - FrameworkServlet '': initialization started
2017-12-09 08:19:28 [Test worker] INFO  o.s.t.w.s.TestDispatcherServlet - FrameworkServlet '': initialization completed in 2 ms
2017-12-09 08:19:28 [Test worker] INFO  o.s.b.t.m.w.SpringBootMockServletContext - Initializing Spring FrameworkServlet ''
2017-12-09 08:19:28 [Test worker] INFO  o.s.t.w.s.TestDispatcherServlet - FrameworkServlet '': initialization started
2017-12-09 08:19:28 [Test worker] INFO  o.s.t.w.s.TestDispatcherServlet - FrameworkServlet '': initialization completed in 2 ms
2017-12-09 08:19:28 [Test worker] INFO  o.s.b.t.c.SpringBootTestContextBootstrapper - Neither @ContextConfiguration nor @ContextHierarchy found for test class [com.db.awmd.challenge.FundTransferServiceTest], using SpringBootContextLoader
2017-12-09 08:19:28 [Test worker] INFO  o.s.t.c.s.AbstractContextLoader - Could not detect default resource locations for test class [com.db.awmd.challenge.FundTransferServiceTest]: no resource found for suffixes {-context.xml, Context.groovy}.
2017-12-09 08:19:28 [Test worker] INFO  o.s.t.c.s.AnnotationConfigContextLoaderUtils - Could not detect default configuration classes for test class [com.db.awmd.challenge.FundTransferServiceTest]: FundTransferServiceTest does not declare any static, non-private, non-final, nested classes annotated with @Configuration.
2017-12-09 08:19:28 [Test worker] INFO  o.s.b.t.c.SpringBootTestContextBootstrapper - Found @SpringBootConfiguration com.db.awmd.challenge.DevChallengeApplication for test class com.db.awmd.challenge.FundTransferServiceTest
2017-12-09 08:19:28 [Test worker] INFO  o.s.b.t.c.SpringBootTestContextBootstrapper - Loaded default TestExecutionListener class names from location [META-INF/spring.factories]: [org.springframework.boot.test.mock.mockito.MockitoTestExecutionListener, org.springframework.boot.test.mock.mockito.ResetMocksTestExecutionListener, org.springframework.boot.test.autoconfigure.restdocs.RestDocsTestExecutionListener, org.springframework.boot.test.autoconfigure.web.client.MockRestServiceServerResetTestExecutionListener, org.springframework.boot.test.autoconfigure.web.servlet.MockMvcPrintOnlyOnFailureTestExecutionListener, org.springframework.boot.test.autoconfigure.web.servlet.WebDriverTestExecutionListener, org.springframework.test.context.web.ServletTestExecutionListener, org.springframework.test.context.support.DirtiesContextBeforeModesTestExecutionListener, org.springframework.test.context.support.DependencyInjectionTestExecutionListener, org.springframework.test.context.support.DirtiesContextTestExecutionListener, org.springframework.test.context.transaction.TransactionalTestExecutionListener, org.springframework.test.context.jdbc.SqlScriptsTestExecutionListener]
2017-12-09 08:19:28 [Test worker] INFO  o.s.b.t.c.SpringBootTestContextBootstrapper - Could not instantiate TestExecutionListener [org.springframework.test.context.transaction.TransactionalTestExecutionListener]. Specify custom listener classes or make the default listener classes (and their required dependencies) available. Offending class: [org/springframework/transaction/interceptor/TransactionAttributeSource]
2017-12-09 08:19:28 [Test worker] INFO  o.s.b.t.c.SpringBootTestContextBootstrapper - Could not instantiate TestExecutionListener [org.springframework.test.context.jdbc.SqlScriptsTestExecutionListener]. Specify custom listener classes or make the default listener classes (and their required dependencies) available. Offending class: [org/springframework/transaction/interceptor/TransactionAttribute]
2017-12-09 08:19:28 [Test worker] INFO  o.s.b.t.c.SpringBootTestContextBootstrapper - Using TestExecutionListeners: [org.springframework.test.context.web.ServletTestExecutionListener@1583110, org.springframework.test.context.support.DirtiesContextBeforeModesTestExecutionListener@8ec241, org.springframework.boot.test.autoconfigure.SpringBootDependencyInjectionTestExecutionListener@6d7dc3, org.springframework.test.context.support.DirtiesContextTestExecutionListener@1dc96d4, org.springframework.boot.test.mock.mockito.ResetMocksTestExecutionListener@174e48e, org.springframework.boot.test.autoconfigure.web.servlet.WebDriverTestExecutionListener@142aeeb, org.springframework.boot.test.mock.mockito.MockitoTestExecutionListener@4e41e5, org.springframework.boot.test.autoconfigure.web.servlet.MockMvcPrintOnlyOnFailureTestExecutionListener@15f054e, org.springframework.boot.test.autoconfigure.restdocs.RestDocsTestExecutionListener@14fd67f, org.springframework.boot.test.autoconfigure.web.client.MockRestServiceServerResetTestExecutionListener@1220a4b]
2017-12-09 08:19:28 [Test worker] INFO  c.d.a.c.s.EmailNotificationService - Sending notification to owner of Id-789: Amount 500 transfered to Id-456
2017-12-09 08:19:28 [Test worker] INFO  c.d.a.c.s.EmailNotificationService - Sending notification to owner of Id-456: Amount 500 received from Id-789
